::1 - - [28/Oct/2023:03:35:08 +0000] "POST /api/v1/user/ HTTP/1.1" 404 152 "-" "PostmanRuntime/7.34.0"
::1 - - [28/Oct/2023:03:35:58 +0000] "POST /api/v1/user/login HTTP/1.1" 500 42 "-" "PostmanRuntime/7.34.0"
::1 - - [28/Oct/2023:03:36:15 +0000] "POST /api/v1/user/register HTTP/1.1" 500 42 "-" "PostmanRuntime/7.34.0"
::1 - - [28/Oct/2023:03:36:19 +0000] "POST /api/v1/user/register HTTP/1.1" 500 42 "-" "PostmanRuntime/7.34.0"
::1 - - [28/Oct/2023:03:39:03 +0000] "POST /api/v1/user/register HTTP/1.1" 500 42 "-" "PostmanRuntime/7.34.0"
::1 - - [28/Oct/2023:03:41:10 +0000] "POST /api/v1/user/register HTTP/1.1" 500 42 "-" "PostmanRuntime/7.34.0"
::1 - - [28/Oct/2023:03:41:38 +0000] "POST /api/v1/user/register HTTP/1.1" 500 42 "-" "PostmanRuntime/7.34.0"
::1 - - [28/Oct/2023:03:42:07 +0000] "POST /api/v1/user/register HTTP/1.1" 500 42 "-" "PostmanRuntime/7.34.0"
::1 - - [28/Oct/2023:03:45:09 +0000] "POST /api/v1/user/register HTTP/1.1" 201 57 "-" "PostmanRuntime/7.34.0"
::1 - - [28/Oct/2023:03:47:04 +0000] "POST /api/v1/user/ HTTP/1.1" 404 152 "-" "PostmanRuntime/7.34.0"
::1 - - [28/Oct/2023:03:47:13 +0000] "POST /api/v1/user/login HTTP/1.1" 500 42 "-" "PostmanRuntime/7.34.0"
::1 - - [28/Oct/2023:03:48:44 +0000] "POST /api/v1/user/login HTTP/1.1" 500 42 "-" "PostmanRuntime/7.34.0"
::1 - - [28/Oct/2023:03:50:45 +0000] "POST /api/v1/user/login HTTP/1.1" 500 42 "-" "PostmanRuntime/7.34.0"
::1 - - [28/Oct/2023:03:52:53 +0000] "POST /api/v1/user/login HTTP/1.1" 200 326 "-" "PostmanRuntime/7.34.0"
::1 - - [28/Oct/2023:03:58:00 +0000] "POST /api/v1/user/forgot HTTP/1.1" 200 64 "-" "PostmanRuntime/7.34.0"
::1 - - [28/Oct/2023:04:05:06 +0000] "POST /api/v1/user/reset HTTP/1.1" 404 44 "-" "PostmanRuntime/7.34.0"
::1 - - [28/Oct/2023:04:06:50 +0000] "POST /api/v1/user/login HTTP/1.1" 200 326 "-" "PostmanRuntime/7.34.0"
::1 - - [28/Oct/2023:04:07:17 +0000] "POST /api/v1/user/reset HTTP/1.1" 404 44 "-" "PostmanRuntime/7.34.0"
::1 - - [28/Oct/2023:04:07:37 +0000] "POST /api/v1/user/reset HTTP/1.1" 500 42 "-" "PostmanRuntime/7.34.0"
::1 - - [28/Oct/2023:04:08:06 +0000] "POST /api/v1/user/reset HTTP/1.1" 500 42 "-" "PostmanRuntime/7.34.0"
::1 - - [28/Oct/2023:04:16:02 +0000] "POST /api/v1/user/login HTTP/1.1" 200 326 "-" "PostmanRuntime/7.34.0"
::1 - - [28/Oct/2023:04:17:14 +0000] "POST /api/v1/user/reset HTTP/1.1" 404 44 "-" "PostmanRuntime/7.34.0"
::1 - - [28/Oct/2023:04:19:57 +0000] "POST /api/v1/user/reset HTTP/1.1" 404 44 "-" "PostmanRuntime/7.34.0"
::1 - - [28/Oct/2023:04:22:55 +0000] "POST /api/v1/user/reset HTTP/1.1" 404 44 "-" "PostmanRuntime/7.34.0"
::1 - - [28/Oct/2023:04:31:05 +0000] "POST /api/v1/user/reset HTTP/1.1" 500 42 "-" "PostmanRuntime/7.34.0"
::1 - - [28/Oct/2023:04:31:26 +0000] "POST /api/v1/user/reset HTTP/1.1" 500 42 "-" "PostmanRuntime/7.34.0"
::1 - - [28/Oct/2023:04:31:47 +0000] "POST /api/v1/user/login HTTP/1.1" 200 326 "-" "PostmanRuntime/7.34.0"
::1 - - [28/Oct/2023:04:33:01 +0000] "POST /api/v1/user/reset HTTP/1.1" 404 44 "-" "PostmanRuntime/7.34.0"
::1 - - [28/Oct/2023:04:34:44 +0000] "POST /api/v1/user/reset HTTP/1.1" 404 44 "-" "PostmanRuntime/7.34.0"
::1 - - [28/Oct/2023:04:43:27 +0000] "POST /api/v1/user/reset HTTP/1.1" 404 44 "-" "PostmanRuntime/7.34.0"
::1 - - [28/Oct/2023:04:43:56 +0000] "POST /api/v1/user/reset HTTP/1.1" 500 42 "-" "PostmanRuntime/7.34.0"
::1 - - [28/Oct/2023:04:59:45 +0000] "POST /api/v1/user/reset HTTP/1.1" 500 42 "-" "PostmanRuntime/7.34.0"
::1 - - [28/Oct/2023:04:59:59 +0000] "POST /api/v1/user/login HTTP/1.1" 200 326 "-" "PostmanRuntime/7.34.0"
::1 - - [28/Oct/2023:05:00:28 +0000] "POST /api/v1/user/reset HTTP/1.1" 500 42 "-" "PostmanRuntime/7.34.0"
::1 - - [28/Oct/2023:05:01:03 +0000] "POST /api/v1/user/reset HTTP/1.1" 500 42 "-" "PostmanRuntime/7.34.0"
::1 - - [28/Oct/2023:05:02:20 +0000] "POST /api/v1/user/reset HTTP/1.1" 500 42 "-" "PostmanRuntime/7.34.0"
::1 - - [28/Oct/2023:05:04:24 +0000] "POST /api/v1/user/reset HTTP/1.1" 500 42 "-" "PostmanRuntime/7.34.0"
::1 - - [28/Oct/2023:05:07:00 +0000] "POST /api/v1/user/reset HTTP/1.1" 500 42 "-" "PostmanRuntime/7.34.0"
::1 - - [28/Oct/2023:05:08:55 +0000] "POST /api/v1/user/reset HTTP/1.1" 500 42 "-" "PostmanRuntime/7.34.0"
::1 - - [28/Oct/2023:05:08:55 +0000] "POST /api/v1/user/login HTTP/1.1" - - "-" "PostmanRuntime/7.34.0"
::1 - - [28/Oct/2023:05:08:55 +0000] "POST /api/v1/user/login HTTP/1.1" 200 326 "-" "PostmanRuntime/7.34.0"
::1 - - [28/Oct/2023:05:10:03 +0000] "POST /api/v1/user/reset HTTP/1.1" 500 42 "-" "PostmanRuntime/7.34.0"
::1 - - [28/Oct/2023:05:12:01 +0000] "POST /api/v1/user/reset HTTP/1.1" 500 42 "-" "PostmanRuntime/7.34.0"
::1 - - [28/Oct/2023:05:14:35 +0000] "POST /api/v1/user/reset HTTP/1.1" 500 42 "-" "PostmanRuntime/7.34.0"
::1 - - [28/Oct/2023:05:14:54 +0000] "POST /api/v1/user/login HTTP/1.1" 200 321 "-" "PostmanRuntime/7.34.0"
::1 - - [28/Oct/2023:05:15:13 +0000] "POST /api/v1/user/reset HTTP/1.1" 500 42 "-" "PostmanRuntime/7.34.0"
::1 - - [28/Oct/2023:05:17:41 +0000] "POST /api/v1/user/reset HTTP/1.1" 500 42 "-" "PostmanRuntime/7.34.0"
::1 - - [28/Oct/2023:05:26:12 +0000] "POST /api/v1/user/reset HTTP/1.1" 500 42 "-" "PostmanRuntime/7.34.0"
::1 - - [28/Oct/2023:05:27:24 +0000] "POST /api/v1/user/reset HTTP/1.1" 200 54 "-" "PostmanRuntime/7.34.0"
::1 - - [28/Oct/2023:05:31:11 +0000] "GET /api/v1/user/getUsers HTTP/1.1" 200 372 "-" "PostmanRuntime/7.34.0"
::1 - - [28/Oct/2023:05:32:16 +0000] "GET /api/v1/user/getUsers HTTP/1.1" 200 372 "-" "PostmanRuntime/7.34.0"
::1 - - [28/Oct/2023:05:32:50 +0000] "GET /api/v1/user/getUsers/653c83bf9e6c317813aa018f HTTP/1.1" 404 184 "-" "PostmanRuntime/7.34.0"
::1 - - [28/Oct/2023:05:33:02 +0000] "GET /api/v1/user/getUser/653c83bf9e6c317813aa018f HTTP/1.1" 200 360 "-" "PostmanRuntime/7.34.0"
::1 - - [28/Oct/2023:05:41:46 +0000] "POST /api/v1/post/create HTTP/1.1" 404 158 "-" "PostmanRuntime/7.34.0"
::1 - - [28/Oct/2023:05:42:23 +0000] "POST /api/v1/post/addPost HTTP/1.1" 404 159 "-" "PostmanRuntime/7.34.0"
::1 - - [28/Oct/2023:05:42:41 +0000] "POST /api/v1/posts/addPost HTTP/1.1" 401 26 "-" "PostmanRuntime/7.34.0"
::1 - - [28/Oct/2023:05:43:27 +0000] "POST /api/v1/user/login HTTP/1.1" 401 49 "-" "PostmanRuntime/7.34.0"
::1 - - [28/Oct/2023:05:43:57 +0000] "POST /api/v1/user/login HTTP/1.1" 401 49 "-" "PostmanRuntime/7.34.0"
::1 - - [28/Oct/2023:05:44:37 +0000] "POST /api/v1/user/login HTTP/1.1" 200 321 "-" "PostmanRuntime/7.34.0"
::1 - - [28/Oct/2023:05:45:08 +0000] "POST /api/v1/posts/addPost HTTP/1.1" 500 42 "-" "PostmanRuntime/7.34.0"
::1 - - [28/Oct/2023:05:45:54 +0000] "POST /api/v1/posts/addPost HTTP/1.1" 500 42 "-" "PostmanRuntime/7.34.0"
::1 - - [28/Oct/2023:05:46:54 +0000] "POST /api/v1/posts/addPost HTTP/1.1" 500 42 "-" "PostmanRuntime/7.34.0"
::1 - - [28/Oct/2023:05:50:46 +0000] "POST /api/v1/posts/addPost HTTP/1.1" 500 42 "-" "PostmanRuntime/7.34.0"
::1 - - [28/Oct/2023:05:52:11 +0000] "POST /api/v1/posts/addPost HTTP/1.1" 500 42 "-" "PostmanRuntime/7.34.0"
::1 - - [28/Oct/2023:05:53:42 +0000] "POST /api/v1/posts/addPost HTTP/1.1" 500 42 "-" "PostmanRuntime/7.34.0"
::1 - - [28/Oct/2023:05:55:36 +0000] "POST /api/v1/posts/addPost HTTP/1.1" 500 42 "-" "PostmanRuntime/7.34.0"
::1 - - [28/Oct/2023:05:58:43 +0000] "POST /api/v1/posts/addPost HTTP/1.1" 500 42 "-" "PostmanRuntime/7.34.0"
::1 - - [28/Oct/2023:05:59:21 +0000] "POST /api/v1/posts/addPost HTTP/1.1" 500 42 "-" "PostmanRuntime/7.34.0"
::1 - - [28/Oct/2023:06:07:05 +0000] "POST /api/v1/posts/addPost HTTP/1.1" 403 23 "-" "PostmanRuntime/7.34.0"
::1 - - [28/Oct/2023:06:07:17 +0000] "POST /api/v1/user/login HTTP/1.1" 200 321 "-" "PostmanRuntime/7.34.0"
::1 - - [28/Oct/2023:06:07:42 +0000] "POST /api/v1/posts/addPost HTTP/1.1" 200 425 "-" "PostmanRuntime/7.34.0"
::1 - - [28/Oct/2023:06:13:18 +0000] "PUT /api/v1/posts/addPost HTTP/1.1" 404 159 "-" "PostmanRuntime/7.34.0"
::1 - - [28/Oct/2023:06:13:43 +0000] "PUT /api/v1/posts/updatePost HTTP/1.1" 404 162 "-" "PostmanRuntime/7.34.0"
::1 - - [28/Oct/2023:06:14:50 +0000] "PUT /api/v1/posts/update/653ca52c61d77cacd3a27967 HTTP/1.1" 200 422 "-" "PostmanRuntime/7.34.0"
::1 - - [28/Oct/2023:06:16:19 +0000] "GET /api/v1/posts/getPosts HTTP/1.1" 500 42 "-" "PostmanRuntime/7.34.0"
::1 - - [28/Oct/2023:06:17:06 +0000] "GET /api/v1/posts/getPosts HTTP/1.1" 500 42 "-" "PostmanRuntime/7.34.0"
::1 - - [28/Oct/2023:06:17:19 +0000] "GET /api/v1/posts/getPosts HTTP/1.1" 500 42 "-" "PostmanRuntime/7.34.0"
::1 - - [28/Oct/2023:06:21:09 +0000] "GET /api/v1/posts/getPosts HTTP/1.1" 500 42 "-" "PostmanRuntime/7.34.0"
::1 - - [28/Oct/2023:06:22:10 +0000] "GET /api/v1/posts/getPosts HTTP/1.1" 500 42 "-" "PostmanRuntime/7.34.0"
::1 - - [28/Oct/2023:06:22:44 +0000] "GET /api/v1/posts/getPosts HTTP/1.1" 403 23 "-" "PostmanRuntime/7.34.0"
::1 - - [28/Oct/2023:06:23:02 +0000] "POST /api/v1/user/login HTTP/1.1" 200 321 "-" "PostmanRuntime/7.34.0"
::1 - - [28/Oct/2023:06:23:58 +0000] "GET /api/v1/posts/getPosts HTTP/1.1" 500 42 "-" "PostmanRuntime/7.34.0"
::1 - - [28/Oct/2023:06:25:42 +0000] "GET /api/v1/posts/getPosts HTTP/1.1" 500 42 "-" "PostmanRuntime/7.34.0"
::1 - - [28/Oct/2023:06:27:35 +0000] "GET /api/v1/posts/getPosts HTTP/1.1" 500 42 "-" "PostmanRuntime/7.34.0"
::1 - - [28/Oct/2023:06:29:24 +0000] "GET /api/v1/posts/getPosts HTTP/1.1" 201 435 "-" "PostmanRuntime/7.34.0"
::1 - - [28/Oct/2023:06:31:54 +0000] "GET /api/v1/posts/get/653ca52c61d77cacd3a27967 HTTP/1.1" 500 42 "-" "PostmanRuntime/7.34.0"
::1 - - [28/Oct/2023:06:32:16 +0000] "GET /api/v1/posts/get/653ca52c61d77cacd3a27967 HTTP/1.1" 500 42 "-" "PostmanRuntime/7.34.0"
::1 - - [28/Oct/2023:06:36:50 +0000] "GET /api/v1/posts/get/653ca52c61d77cacd3a27967 HTTP/1.1" 500 42 "-" "PostmanRuntime/7.34.0"
::1 - - [28/Oct/2023:06:38:56 +0000] "GET /api/v1/posts/get/653ca52c61d77cacd3a27967 HTTP/1.1" 403 23 "-" "PostmanRuntime/7.34.0"
::1 - - [28/Oct/2023:06:39:15 +0000] "POST /api/v1/user/login HTTP/1.1" 200 321 "-" "PostmanRuntime/7.34.0"
::1 - - [28/Oct/2023:06:39:44 +0000] "GET /api/v1/posts/get/653ca52c61d77cacd3a27967 HTTP/1.1" 500 42 "-" "PostmanRuntime/7.34.0"
::1 - - [28/Oct/2023:06:40:12 +0000] "GET /api/v1/posts/get/653ca52c61d77cacd3a27967 HTTP/1.1" 200 360 "-" "PostmanRuntime/7.34.0"
::1 - - [28/Oct/2023:06:42:43 +0000] "DELETE /api/v1/posts/remove/653ca52c61d77cacd3a27967 HTTP/1.1" 400 46 "-" "PostmanRuntime/7.34.0"
::1 - - [28/Oct/2023:06:43:01 +0000] "DELETE /api/v1/posts/remove/653ca52c61d77cacd3a27967 HTTP/1.1" 400 46 "-" "PostmanRuntime/7.34.0"
::1 - - [28/Oct/2023:06:43:35 +0000] "DELETE /api/v1/posts/remove/653ca52c61d77cacd3a27967 HTTP/1.1" 200 68 "-" "PostmanRuntime/7.34.0"
::1 - - [28/Oct/2023:07:19:43 +0000] "POST /api/v1/categories/create HTTP/1.1" 401 26 "-" "PostmanRuntime/7.34.0"
::1 - - [28/Oct/2023:07:20:08 +0000] "POST /api/v1/user/login HTTP/1.1" 200 321 "-" "PostmanRuntime/7.34.0"
::1 - - [28/Oct/2023:07:20:47 +0000] "POST /api/v1/categories/create HTTP/1.1" 201 54 "-" "PostmanRuntime/7.34.0"
::1 - - [28/Oct/2023:07:24:56 +0000] "GET /api/v1/categories/get HTTP/1.1" 401 26 "-" "PostmanRuntime/7.34.0"
::1 - - [28/Oct/2023:07:25:35 +0000] "GET /api/v1/categories/get HTTP/1.1" 500 82 "-" "PostmanRuntime/7.34.0"
::1 - - [28/Oct/2023:07:26:14 +0000] "GET /api/v1/categories/get HTTP/1.1" 201 214 "-" "PostmanRuntime/7.34.0"
::1 - - [28/Oct/2023:07:26:56 +0000] "PUT /api/v1/categories/update/653cb64f7ecf13822ec89650 HTTP/1.1" 401 26 "-" "PostmanRuntime/7.34.0"
::1 - - [28/Oct/2023:07:27:07 +0000] "PUT /api/v1/categories/update/653cb64f7ecf13822ec89650 HTTP/1.1" 201 58 "-" "PostmanRuntime/7.34.0"
::1 - - [28/Oct/2023:07:29:08 +0000] "DELETE /api/v1/categories/delete/653cb64f7ecf13822ec89650 HTTP/1.1" 204 - "-" "PostmanRuntime/7.34.0"
::1 - - [28/Oct/2023:07:29:16 +0000] "DELETE /api/v1/categories/delete/653cb64f7ecf13822ec89650 HTTP/1.1" 404 44 "-" "PostmanRuntime/7.34.0"
::1 - - [28/Oct/2023:07:30:12 +0000] "POST /api/v1/categories/create HTTP/1.1" 201 58 "-" "PostmanRuntime/7.34.0"
::1 - - [28/Oct/2023:07:30:21 +0000] "GET /api/v1/categories/get HTTP/1.1" 201 214 "-" "PostmanRuntime/7.34.0"
::1 - - [28/Oct/2023:07:30:40 +0000] "DELETE /api/v1/categories/delete/653cb884c1c474b0c06d46a9 HTTP/1.1" 200 58 "-" "PostmanRuntime/7.34.0"
::1 - - [28/Oct/2023:11:47:45 +0000] "DELETE /api/v1/user/remove HTTP/1.1" 200 43 "-" "PostmanRuntime/7.34.0"
